<?xml version="1.0" encoding="UTF-8"?>
<!-- Generated by org.testng.reporters.JUnitReportReporter -->
<testsuite skipped="0" hostname="LAPTOP-8LBRLJ88" name="com.nopcommerce.demo.computers.TestSuite" tests="1" failures="0" timestamp="13 Jun 2021 21:40:22 GMT" time="34.802" errors="0">
  <testcase name="verifyProductAddedToShoppingCartSuccessFully" time="34.802" classname="com.nopcommerce.demo.computers.TestSuite"/>
</testsuite> <!-- com.nopcommerce.demo.computers.TestSuite -->
